<?xml version="1.0" encoding="UTF-8"?>
<!-- Generated by org.testng.reporters.JUnitReportReporter -->
<testsuite hostname="LAPTOP-GFUHFCLB" failures="0" tests="1" name="CancelOrder" time="22.604" errors="0" timestamp="2024-08-29T20:33:48 SELÄŒ" skipped="0">
  <testcase classname="CancelOrder" name="CancelPlacedOrder" time="22.604"/>
</testsuite> <!-- CancelOrder -->
